[INFO] 09-08-2025 10:56:30 [main] [Tests.TC01_LoginPage.setup(TC01_LoginPage.java:30)] - null
[INFO] 09-08-2025 10:56:33 [main] [Tests.TC01_LoginPage.setup(TC01_LoginPage.java:32)] - Browser driver is opened
[INFO] 09-08-2025 10:56:40 [main] [Tests.TC01_LoginPage.setup(TC01_LoginPage.java:34)] - Page directed to Base URL
[INFO] 09-08-2025 10:56:40 [main] [Listeners.ITestResultListenerClass.onTestStart(ITestResultListenerClass.java:11)] - Test Case validLoginTC started
[INFO] 09-08-2025 10:56:42 [main] [Listeners.ITestResultListenerClass.onTestSuccess(ITestResultListenerClass.java:15)] - Test Case validLoginTC passed
[INFO] 09-08-2025 10:56:43 [main] [Tests.TC02_HomePageTest.login(TC02_HomePageTest.java:31)] - null
[INFO] 09-08-2025 10:56:44 [main] [Tests.TC02_HomePageTest.login(TC02_HomePageTest.java:33)] - Browser driver is opened
[INFO] 09-08-2025 10:56:45 [main] [Tests.TC02_HomePageTest.login(TC02_HomePageTest.java:35)] - Page directed to Base URL
[INFO] 09-08-2025 10:56:52 [main] [Tests.TC02_HomePageTest.setup(TC02_HomePageTest.java:49)] - null
[INFO] 09-08-2025 10:56:53 [main] [Tests.TC02_HomePageTest.setup(TC02_HomePageTest.java:51)] - Browser driver is opened
[INFO] 09-08-2025 10:56:54 [main] [Tests.TC02_HomePageTest.setup(TC02_HomePageTest.java:53)] - Page directed to Base URL
[INFO] 09-08-2025 10:56:57 [main] [Tests.TC02_HomePageTest.setup(TC02_HomePageTest.java:56)] - Page directed to Home URL
[INFO] 09-08-2025 10:56:58 [main] [Listeners.ITestResultListenerClass.onTestStart(ITestResultListenerClass.java:11)] - Test Case addRandomProductsToCartTC started
[INFO] 09-08-2025 10:56:58 [main] [Pages.P02_HomePage.addRandomProducts(P02_HomePage.java:70)] - random Number = 2
[INFO] 09-08-2025 10:56:58 [main] [Pages.P02_HomePage.addRandomProducts(P02_HomePage.java:70)] - random Number = 3
[INFO] 09-08-2025 10:56:58 [main] [Pages.P02_HomePage.addRandomProducts(P02_HomePage.java:70)] - random Number = 4
[INFO] 09-08-2025 10:56:58 [main] [Pages.P02_HomePage.addRandomProducts(P02_HomePage.java:70)] - random Number = 5
[INFO] 09-08-2025 10:56:58 [main] [Pages.P02_HomePage.getNumberOfCurrentCartIcon(P02_HomePage.java:47)] - Number of products on cart are: 4
[INFO] 09-08-2025 10:56:58 [main] [Pages.P02_HomePage.getNumberOfSelectedProducts(P02_HomePage.java:58)] - Number of selected products are: 4
[INFO] 09-08-2025 10:56:58 [main] [Listeners.ITestResultListenerClass.onTestSuccess(ITestResultListenerClass.java:15)] - Test Case addRandomProductsToCartTC passed
[INFO] 09-08-2025 10:56:59 [main] [Tests.TC02_HomePageTest.setup(TC02_HomePageTest.java:49)] - null
[INFO] 09-08-2025 10:57:01 [main] [Listeners.IInvokedMethodListenerClass.afterInvocation(IInvokedMethodListenerClass.java:33)] - Test Case setup failed
[ERROR] 09-08-2025 10:57:01 [main] [Utilities.Utility.takeScreenshot(Utility.java:93)] - Cannot invoke "org.openqa.selenium.TakesScreenshot.getScreenshotAs(org.openqa.selenium.OutputType)" because "driver" is null
[INFO] 09-08-2025 10:57:02 [main] [Listeners.ITestResultListenerClass.onTestStart(ITestResultListenerClass.java:11)] - Test Case clickOnCartTC started
[INFO] 09-08-2025 10:57:02 [main] [Listeners.ITestResultListenerClass.onTestSkipped(ITestResultListenerClass.java:19)] - Test Case clickOnCartTC skipped
[INFO] 09-08-2025 10:57:03 [main] [Listeners.ITestResultListenerClass.onTestStart(ITestResultListenerClass.java:11)] - Test Case verifyNumberOfSelectedProductsTC started
[INFO] 09-08-2025 10:57:03 [main] [Listeners.ITestResultListenerClass.onTestSkipped(ITestResultListenerClass.java:19)] - Test Case verifyNumberOfSelectedProductsTC skipped
[INFO] 09-08-2025 10:57:03 [main] [Tests.TC03_CartTest.setup(TC03_CartTest.java:31)] - null
[INFO] 09-08-2025 10:57:05 [main] [Listeners.IInvokedMethodListenerClass.afterInvocation(IInvokedMethodListenerClass.java:33)] - Test Case setup failed
[ERROR] 09-08-2025 10:57:05 [main] [Utilities.Utility.takeScreenshot(Utility.java:93)] - Cannot invoke "org.openqa.selenium.TakesScreenshot.getScreenshotAs(org.openqa.selenium.OutputType)" because "driver" is null
[INFO] 09-08-2025 10:57:05 [main] [Listeners.ITestResultListenerClass.onTestStart(ITestResultListenerClass.java:11)] - Test Case comparePricesTC started
[INFO] 09-08-2025 10:57:05 [main] [Listeners.ITestResultListenerClass.onTestSkipped(ITestResultListenerClass.java:19)] - Test Case comparePricesTC skipped
[INFO] 09-08-2025 10:57:05 [main] [Tests.TC04_CheckoutTest.setup(TC04_CheckoutTest.java:34)] - null
[INFO] 09-08-2025 10:57:07 [main] [Listeners.IInvokedMethodListenerClass.afterInvocation(IInvokedMethodListenerClass.java:33)] - Test Case setup failed
[ERROR] 09-08-2025 10:57:07 [main] [Utilities.Utility.takeScreenshot(Utility.java:93)] - Cannot invoke "org.openqa.selenium.TakesScreenshot.getScreenshotAs(org.openqa.selenium.OutputType)" because "driver" is null
[INFO] 09-08-2025 10:57:07 [main] [Listeners.ITestResultListenerClass.onTestStart(ITestResultListenerClass.java:11)] - Test Case checkoutStepOneTC started
[INFO] 09-08-2025 10:57:07 [main] [Listeners.ITestResultListenerClass.onTestSkipped(ITestResultListenerClass.java:19)] - Test Case checkoutStepOneTC skipped
[INFO] 09-08-2025 10:57:07 [main] [Tests.TC05_OverviewTest.setup(TC05_OverviewTest.java:35)] - null
[INFO] 09-08-2025 10:57:09 [main] [Listeners.IInvokedMethodListenerClass.afterInvocation(IInvokedMethodListenerClass.java:33)] - Test Case setup failed
[ERROR] 09-08-2025 10:57:09 [main] [Utilities.Utility.takeScreenshot(Utility.java:93)] - Cannot invoke "org.openqa.selenium.TakesScreenshot.getScreenshotAs(org.openqa.selenium.OutputType)" because "driver" is null
[INFO] 09-08-2025 10:57:09 [main] [Listeners.ITestResultListenerClass.onTestStart(ITestResultListenerClass.java:11)] - Test Case checkoutStepTwoTC started
[INFO] 09-08-2025 10:57:09 [main] [Listeners.ITestResultListenerClass.onTestSkipped(ITestResultListenerClass.java:19)] - Test Case checkoutStepTwoTC skipped
[INFO] 09-08-2025 10:57:09 [main] [Tests.TC06_CompleteTest.setup(TC06_CompleteTest.java:35)] - null
[INFO] 09-08-2025 10:57:11 [main] [Listeners.IInvokedMethodListenerClass.afterInvocation(IInvokedMethodListenerClass.java:33)] - Test Case setup failed
[ERROR] 09-08-2025 10:57:11 [main] [Utilities.Utility.takeScreenshot(Utility.java:93)] - Cannot invoke "org.openqa.selenium.TakesScreenshot.getScreenshotAs(org.openqa.selenium.OutputType)" because "driver" is null
[INFO] 09-08-2025 10:57:11 [main] [Listeners.ITestResultListenerClass.onTestStart(ITestResultListenerClass.java:11)] - Test Case completeOrderTC started
[INFO] 09-08-2025 10:57:11 [main] [Listeners.ITestResultListenerClass.onTestSkipped(ITestResultListenerClass.java:19)] - Test Case completeOrderTC skipped
