[INFO] 09-08-2025 11:05:53 [main] [Tests.TC01_LoginPage.setup(TC01_LoginPage.java:30)] - null
[INFO] 09-08-2025 11:05:56 [main] [Listeners.IInvokedMethodListenerClass.afterInvocation(IInvokedMethodListenerClass.java:33)] - Test Case setup failed
[ERROR] 09-08-2025 11:05:56 [main] [Utilities.Utility.takeScreenshot(Utility.java:93)] - Cannot invoke "org.openqa.selenium.TakesScreenshot.getScreenshotAs(org.openqa.selenium.OutputType)" because "driver" is null
[INFO] 09-08-2025 11:05:56 [main] [Listeners.ITestResultListenerClass.onTestStart(ITestResultListenerClass.java:11)] - Test Case validLoginTC started
[INFO] 09-08-2025 11:05:56 [main] [Listeners.ITestResultListenerClass.onTestSkipped(ITestResultListenerClass.java:19)] - Test Case validLoginTC skipped
[INFO] 09-08-2025 11:05:56 [main] [Tests.TC02_HomePageTest.login(TC02_HomePageTest.java:31)] - null
[INFO] 09-08-2025 11:05:58 [main] [Listeners.IInvokedMethodListenerClass.afterInvocation(IInvokedMethodListenerClass.java:33)] - Test Case login failed
[ERROR] 09-08-2025 11:05:58 [main] [Utilities.Utility.takeScreenshot(Utility.java:93)] - Cannot invoke "org.openqa.selenium.TakesScreenshot.getScreenshotAs(org.openqa.selenium.OutputType)" because "driver" is null
[INFO] 09-08-2025 11:05:58 [main] [Listeners.ITestResultListenerClass.onTestStart(ITestResultListenerClass.java:11)] - Test Case addRandomProductsToCartTC started
[INFO] 09-08-2025 11:05:58 [main] [Listeners.ITestResultListenerClass.onTestSkipped(ITestResultListenerClass.java:19)] - Test Case addRandomProductsToCartTC skipped
[INFO] 09-08-2025 11:05:58 [main] [Listeners.ITestResultListenerClass.onTestStart(ITestResultListenerClass.java:11)] - Test Case clickOnCartTC started
[INFO] 09-08-2025 11:05:58 [main] [Listeners.ITestResultListenerClass.onTestSkipped(ITestResultListenerClass.java:19)] - Test Case clickOnCartTC skipped
[INFO] 09-08-2025 11:05:58 [main] [Listeners.ITestResultListenerClass.onTestStart(ITestResultListenerClass.java:11)] - Test Case verifyNumberOfSelectedProductsTC started
[INFO] 09-08-2025 11:05:58 [main] [Listeners.ITestResultListenerClass.onTestSkipped(ITestResultListenerClass.java:19)] - Test Case verifyNumberOfSelectedProductsTC skipped
[INFO] 09-08-2025 11:05:58 [main] [Tests.TC03_CartTest.setup(TC03_CartTest.java:31)] - null
[INFO] 09-08-2025 11:06:00 [main] [Listeners.IInvokedMethodListenerClass.afterInvocation(IInvokedMethodListenerClass.java:33)] - Test Case setup failed
[ERROR] 09-08-2025 11:06:00 [main] [Utilities.Utility.takeScreenshot(Utility.java:93)] - Cannot invoke "org.openqa.selenium.TakesScreenshot.getScreenshotAs(org.openqa.selenium.OutputType)" because "driver" is null
[INFO] 09-08-2025 11:06:00 [main] [Listeners.ITestResultListenerClass.onTestStart(ITestResultListenerClass.java:11)] - Test Case comparePricesTC started
[INFO] 09-08-2025 11:06:00 [main] [Listeners.ITestResultListenerClass.onTestSkipped(ITestResultListenerClass.java:19)] - Test Case comparePricesTC skipped
[INFO] 09-08-2025 11:06:00 [main] [Tests.TC04_CheckoutTest.setup(TC04_CheckoutTest.java:34)] - null
[INFO] 09-08-2025 11:06:02 [main] [Listeners.IInvokedMethodListenerClass.afterInvocation(IInvokedMethodListenerClass.java:33)] - Test Case setup failed
[ERROR] 09-08-2025 11:06:02 [main] [Utilities.Utility.takeScreenshot(Utility.java:93)] - Cannot invoke "org.openqa.selenium.TakesScreenshot.getScreenshotAs(org.openqa.selenium.OutputType)" because "driver" is null
[INFO] 09-08-2025 11:06:02 [main] [Listeners.ITestResultListenerClass.onTestStart(ITestResultListenerClass.java:11)] - Test Case checkoutStepOneTC started
[INFO] 09-08-2025 11:06:02 [main] [Listeners.ITestResultListenerClass.onTestSkipped(ITestResultListenerClass.java:19)] - Test Case checkoutStepOneTC skipped
[INFO] 09-08-2025 11:06:02 [main] [Tests.TC05_OverviewTest.setup(TC05_OverviewTest.java:35)] - null
[INFO] 09-08-2025 11:06:04 [main] [Listeners.IInvokedMethodListenerClass.afterInvocation(IInvokedMethodListenerClass.java:33)] - Test Case setup failed
[ERROR] 09-08-2025 11:06:04 [main] [Utilities.Utility.takeScreenshot(Utility.java:93)] - Cannot invoke "org.openqa.selenium.TakesScreenshot.getScreenshotAs(org.openqa.selenium.OutputType)" because "driver" is null
[INFO] 09-08-2025 11:06:04 [main] [Listeners.ITestResultListenerClass.onTestStart(ITestResultListenerClass.java:11)] - Test Case checkoutStepTwoTC started
[INFO] 09-08-2025 11:06:04 [main] [Listeners.ITestResultListenerClass.onTestSkipped(ITestResultListenerClass.java:19)] - Test Case checkoutStepTwoTC skipped
[INFO] 09-08-2025 11:06:04 [main] [Tests.TC06_CompleteTest.setup(TC06_CompleteTest.java:35)] - null
[INFO] 09-08-2025 11:06:06 [main] [Listeners.IInvokedMethodListenerClass.afterInvocation(IInvokedMethodListenerClass.java:33)] - Test Case setup failed
[ERROR] 09-08-2025 11:06:06 [main] [Utilities.Utility.takeScreenshot(Utility.java:93)] - Cannot invoke "org.openqa.selenium.TakesScreenshot.getScreenshotAs(org.openqa.selenium.OutputType)" because "driver" is null
[INFO] 09-08-2025 11:06:06 [main] [Listeners.ITestResultListenerClass.onTestStart(ITestResultListenerClass.java:11)] - Test Case completeOrderTC started
[INFO] 09-08-2025 11:06:06 [main] [Listeners.ITestResultListenerClass.onTestSkipped(ITestResultListenerClass.java:19)] - Test Case completeOrderTC skipped
