[INFO] 30-07-2025 14:49:35 [main] [Tests.TC02_HomePageTest.setup(TC02_HomePageTest.java:32)] - Browser driver is opened
[INFO] 30-07-2025 14:49:37 [main] [Tests.TC02_HomePageTest.setup(TC02_HomePageTest.java:34)] - Page directed to Base URL
[ERROR] 30-07-2025 14:49:44 [main] [Utilities.Utility.takeFullScreeshot(Utility.java:145)] - no such element: Unable to locate element: {"method":"css selector","selector":".shopping_cart_badge"}
  (Session info: MicrosoftEdge=138.0.3351.109)
For documentation on this error, please visit: https://www.selenium.dev/documentation/webdriver/troubleshooting/errors#no-such-element-exception
Build info: version: '4.33.0', revision: '2c6aaad03a'
System info: os.name: 'Windows 10', os.arch: 'amd64', os.version: '10.0', java.version: '24'
Driver info: org.openqa.selenium.edge.EdgeDriver
Command: [866b321f3e21aafa6dfef57aa61eed42, findElement {value=.shopping_cart_badge, using=css selector}]
Capabilities {acceptInsecureCerts: false, browserName: MicrosoftEdge, browserVersion: 138.0.3351.109, fedcm:accounts: true, ms:edgeOptions: {debuggerAddress: localhost:4689}, msedge: {msedgedriverVersion: 137.0.3296.93 (114b4a913acd..., userDataDir: C:\Users\LENOVO\AppData\Loc...}, networkConnectionEnabled: false, pageLoadStrategy: normal, platformName: windows, proxy: Proxy(), se:cdp: ws://localhost:4689/devtool..., se:cdpVersion: 138.0.3351.109, setWindowRect: true, strictFileInteractability: false, timeouts: {implicit: 0, pageLoad: 300000, script: 30000}, unhandledPromptBehavior: dismiss and notify, webauthn:extension:credBlob: true, webauthn:extension:largeBlob: true, webauthn:extension:minPinLength: true, webauthn:extension:prf: true, webauthn:virtualAuthenticators: true}
Session ID: 866b321f3e21aafa6dfef57aa61eed42
[INFO] 30-07-2025 14:49:44 [main] [Listeners.ITestResultListenerClass.onTestStart(ITestResultListenerClass.java:11)] - Test Case clickOnCartTC started
[ERROR] 30-07-2025 14:49:55 [main] [Utilities.Utility.takeFullScreeshot(Utility.java:145)] - no such element: Unable to locate element: {"method":"css selector","selector":".shopping_cart_badge"}
  (Session info: MicrosoftEdge=138.0.3351.109)
For documentation on this error, please visit: https://www.selenium.dev/documentation/webdriver/troubleshooting/errors#no-such-element-exception
Build info: version: '4.33.0', revision: '2c6aaad03a'
System info: os.name: 'Windows 10', os.arch: 'amd64', os.version: '10.0', java.version: '24'
Driver info: org.openqa.selenium.edge.EdgeDriver
Command: [866b321f3e21aafa6dfef57aa61eed42, findElement {value=.shopping_cart_badge, using=css selector}]
Capabilities {acceptInsecureCerts: false, browserName: MicrosoftEdge, browserVersion: 138.0.3351.109, fedcm:accounts: true, ms:edgeOptions: {debuggerAddress: localhost:4689}, msedge: {msedgedriverVersion: 137.0.3296.93 (114b4a913acd..., userDataDir: C:\Users\LENOVO\AppData\Loc...}, networkConnectionEnabled: false, pageLoadStrategy: normal, platformName: windows, proxy: Proxy(), se:cdp: ws://localhost:4689/devtool..., se:cdpVersion: 138.0.3351.109, setWindowRect: true, strictFileInteractability: false, timeouts: {implicit: 0, pageLoad: 300000, script: 30000}, unhandledPromptBehavior: dismiss and notify, webauthn:extension:credBlob: true, webauthn:extension:largeBlob: true, webauthn:extension:minPinLength: true, webauthn:extension:prf: true, webauthn:virtualAuthenticators: true}
Session ID: 866b321f3e21aafa6dfef57aa61eed42
[INFO] 30-07-2025 14:49:55 [main] [Listeners.ITestResultListenerClass.onTestSuccess(ITestResultListenerClass.java:15)] - Test Case clickOnCartTC passed
[ERROR] 30-07-2025 14:49:57 [main] [Utilities.Utility.takeFullScreeshot(Utility.java:145)] - Cannot invoke "org.openqa.selenium.JavascriptExecutor.executeScript(String, Object[])" because "js" is null
